c:\sdl\sdlgame\debug\vc141.pdb
c:\sdl\sdlgame\debug\vc141.idb
c:\sdl\sdlgame\debug\vector2d.obj
c:\sdl\sdlgame\debug\texturemngr.obj
c:\sdl\sdlgame\debug\map.obj
c:\sdl\sdlgame\debug\gameobject.obj
c:\sdl\sdlgame\debug\source.obj
c:\sdl\sdlgame\debug\game.obj
c:\sdl\sdlgame\debug\ecs.obj
c:\sdl\sdlgame\debug\collision.obj
c:\sdl\sdlgame\debug\garbage.obj
c:\sdl\sdlgame\debug\enemy.obj
c:\sdl\sdlgame\debug\mainmenucomponent.obj
c:\sdl\sdlgame\debug\player.obj
c:\sdl\sdlgame\debug\newcollisioncomponent.obj
c:\sdl\sdlgame\debug\game.new.obj.enc
c:\sdl\sdlgame\debug\sdlgame.ilk
c:\sdl\sdlgame\debug\sdlgame.pdb
c:\sdl\sdlgame\debug\sdlgame.exe
c:\sdl\sdlgame\debug\sdlgame.tlog\cl.command.1.tlog
c:\sdl\sdlgame\debug\sdlgame.tlog\cl.read.1.tlog
c:\sdl\sdlgame\debug\sdlgame.tlog\cl.write.1.tlog
c:\sdl\sdlgame\debug\sdlgame.tlog\link.command.1.tlog
c:\sdl\sdlgame\debug\sdlgame.tlog\link.read.1.tlog
c:\sdl\sdlgame\debug\sdlgame.tlog\link.write.1.tlog
